<!DOCTYPE html PUBLIC "-//W3C//DTD XHTML 1.1//EN" "http://www.w3.org/TR/xhtml11/DTD/xhtml11.dtd">
<html xmlns="http://www.w3.org/1999/xhtml">
<head>
<meta charset='utf-8'>
<title>TestNG Report</title>
<style type="text/css">
table {margin-bottom:10px;border-collapse:collapse;empty-cells:show}
td,th {border:1px solid #009;padding:.25em .5em}
.result th {vertical-align:bottom}
.param th {padding-left:1em;padding-right:1em}
.param td {padding-left:.5em;padding-right:2em}
.stripe td,.stripe th {background-color: #E6EBF9}
.numi,.numi_attn {text-align:right}
.total td {font-weight:bold}
.passedodd td {background-color: #0A0}
.passedeven td {background-color: #3F3}
.skippedodd td {background-color: #CCC}
.skippedodd td {background-color: #DDD}
.failedodd td,.numi_attn {background-color: #F33}
.failedeven td,.stripe .numi_attn {background-color: #D00}
.stacktrace {white-space:pre;font-family:monospace}
.totop {font-size:85%;text-align:center;border-bottom:2px solid #000}
</style>
</head>
<body>
<table cellspacing="0" cellpadding="0" class="testOverview">
<tr><th>Test</th><th>Methods<br/>Passed</th><th>Scenarios<br/>Passed</th><th># skipped</th><th># failed</th><th>Total<br/>Time</th><th>Included<br/>Groups</th><th>Excluded<br/>Groups</th></tr>
<tr><td style="text-align:left;padding-right:2em"><a href="#t1">ProductsTests</a></td><td class="numi">0</td><td class="numi">0</td><td class="numi_attn">2</td><td class="numi">0</td><td class="numi">0.2 seconds</td><td class="numi"></td><td class="numi"></td></tr>
</table>
<table cellspacing="0" cellpadding="0" class="methodOverview" id="summary">
<tr><th>Class</th><th>Method</th><th># of<br/>Scenarios</th><th>Start</th><th>Time<br/>(ms)</th></tr>
<tr id="t1"><th colspan="5">ProductsTests &#8212; failed (configuration methods)</th></tr>
<tr class="failedodd"><td>Tests.ProductsTest.AddToBasketTest</td><td><a href="#m1"><b>SetUp</b>  </a></td><td class="numi">1</td><td>1573846805130</td><td class="numi">92</td></tr>
<tr class="failedeven"><td>Tests.ProductsTest.ProductFilterTest</td><td><a href="#m2"><b>SetUp</b>  </a></td><td class="numi">1</td><td>1573846805130</td><td class="numi">92</td></tr>
<tr><th colspan="5">ProductsTests &#8212; skipped (configuration methods)</th></tr>
<tr class="skippedodd"><td>Tests.ProductsTest.ProductFilterTest</td><td><a href="#m3"><b>TearDown</b>  </a></td><td class="numi">1</td><td>1573846805238</td><td class="numi">-1573846805238</td></tr>
<tr class="skippedeven"><td rowspan="2">Tests.ProductsTest.AddToBasketTest</td><td><a href="#m4"><b>TearDown</b>  </a></td><td class="numi">1</td><td>1573846805238</td><td class="numi">-1573846805238</td></tr><tr class="skippedeven"><td><a href="#m5"><b>AfterAllMethods</b>  </a></td><td class="numi">1</td><td>1573846805240</td><td class="numi">-1573846805240</td></tr>
<tr class="skippedodd"><td>Tests.ProductsTest.ProductFilterTest</td><td><a href="#m6"><b>AfterAllMethods</b>  </a></td><td class="numi">1</td><td>1573846805240</td><td class="numi">-1573846805240</td></tr>
<tr><th colspan="5">ProductsTests &#8212; skipped</th></tr>
<tr class="skippedodd"><td>Tests.ProductsTest.AddToBasketTest</td><td><a href="#m7"><b>addProductOfBasketTest</b>  </a></td><td class="numi">1</td><td>1573846805232</td><td class="numi">0</td></tr>
<tr class="skippedeven"><td>Tests.ProductsTest.ProductFilterTest</td><td><a href="#m8"><b>productFilterTest</b>  </a></td><td class="numi">1</td><td>1573846805237</td><td class="numi">0</td></tr>
</table>
<h1>ProductsTests</h1>
<h2 id="m1">Tests.ProductsTest.AddToBasketTest:SetUp</h2>
<div>
<div class="stacktrace">java.lang.IllegalStateException: The path to the driver executable must be set by the webdriver.chrome.driver system property; for more information, see https://github.com/SeleniumHQ/selenium/wiki/ChromeDriver. The latest version can be downloaded from http://chromedriver.storage.googleapis.com/index.html
	at com.google.common.base.Preconditions.checkState(Preconditions.java:847)
	at org.openqa.selenium.remote.service.DriverService.findExecutable(DriverService.java:134)
	at org.openqa.selenium.chrome.ChromeDriverService.access$000(ChromeDriverService.java:35)
	at org.openqa.selenium.chrome.ChromeDriverService$Builder.findDefaultExecutable(ChromeDriverService.java:159)
	at org.openqa.selenium.remote.service.DriverService$Builder.build(DriverService.java:355)
	at org.openqa.selenium.chrome.ChromeDriverService.createDefaultService(ChromeDriverService.java:94)
	at org.openqa.selenium.chrome.ChromeDriver.&lt;init&gt;(ChromeDriver.java:123)
	at Tools.ChromeBrowser.GetBrowser(ChromeBrowser.java:24)
	at Tools.AllBrowser.InitWebDriver(AllBrowser.java:41)
	at Tools.AllBrowser.&lt;init&gt;(AllBrowser.java:21)
	at Tools.Application.InitBrowser(Application.java:77)
	at Tools.Application.getBrowser(Application.java:33)
	at Tools.Application.BaseUrlAction(Application.java:81)
	at Tests.ProductsTest.ATestRunner.SetUp(ATestRunner.java:27)
	at java.base/java.util.concurrent.ThreadPoolExecutor.runWorker(ThreadPoolExecutor.java:1128)
	at java.base/java.util.concurrent.ThreadPoolExecutor$Worker.run(ThreadPoolExecutor.java:628)
	at java.base/java.lang.Thread.run(Thread.java:834)
... Removed 16 stack frames</div>
</div>
<p class="totop"><a href="#summary">back to summary</a></p>
<h2 id="m2">Tests.ProductsTest.ProductFilterTest:SetUp</h2>
<div>
<div class="stacktrace">java.lang.IllegalStateException: The path to the driver executable must be set by the webdriver.chrome.driver system property; for more information, see https://github.com/SeleniumHQ/selenium/wiki/ChromeDriver. The latest version can be downloaded from http://chromedriver.storage.googleapis.com/index.html
	at com.google.common.base.Preconditions.checkState(Preconditions.java:847)
	at org.openqa.selenium.remote.service.DriverService.findExecutable(DriverService.java:134)
	at org.openqa.selenium.chrome.ChromeDriverService.access$000(ChromeDriverService.java:35)
	at org.openqa.selenium.chrome.ChromeDriverService$Builder.findDefaultExecutable(ChromeDriverService.java:159)
	at org.openqa.selenium.remote.service.DriverService$Builder.build(DriverService.java:355)
	at org.openqa.selenium.chrome.ChromeDriverService.createDefaultService(ChromeDriverService.java:94)
	at org.openqa.selenium.chrome.ChromeDriver.&lt;init&gt;(ChromeDriver.java:123)
	at Tools.ChromeBrowser.GetBrowser(ChromeBrowser.java:24)
	at Tools.AllBrowser.InitWebDriver(AllBrowser.java:41)
	at Tools.AllBrowser.&lt;init&gt;(AllBrowser.java:21)
	at Tools.Application.InitBrowser(Application.java:77)
	at Tools.Application.getBrowser(Application.java:33)
	at Tools.Application.BaseUrlAction(Application.java:81)
	at Tests.ProductsTest.ATestRunner.SetUp(ATestRunner.java:27)
	at java.base/java.util.concurrent.ThreadPoolExecutor.runWorker(ThreadPoolExecutor.java:1128)
	at java.base/java.util.concurrent.ThreadPoolExecutor$Worker.run(ThreadPoolExecutor.java:628)
	at java.base/java.lang.Thread.run(Thread.java:834)
... Removed 16 stack frames</div>
</div>
<p class="totop"><a href="#summary">back to summary</a></p>
<h2 id="m3">Tests.ProductsTest.ProductFilterTest:TearDown</h2>
<p class="totop"><a href="#summary">back to summary</a></p>
<h2 id="m4">Tests.ProductsTest.AddToBasketTest:TearDown</h2>
<p class="totop"><a href="#summary">back to summary</a></p>
<h2 id="m5">Tests.ProductsTest.ProductFilterTest:AfterAllMethods</h2>
<p class="totop"><a href="#summary">back to summary</a></p>
<h2 id="m6">Tests.ProductsTest.AddToBasketTest:AfterAllMethods</h2>
<p class="totop"><a href="#summary">back to summary</a></p>
<h2 id="m7">Tests.ProductsTest.ProductFilterTest:productFilterTest</h2>
<div>
<div class="stacktrace">java.lang.IllegalStateException: The path to the driver executable must be set by the webdriver.chrome.driver system property; for more information, see https://github.com/SeleniumHQ/selenium/wiki/ChromeDriver. The latest version can be downloaded from http://chromedriver.storage.googleapis.com/index.html
	at com.google.common.base.Preconditions.checkState(Preconditions.java:847)
	at org.openqa.selenium.remote.service.DriverService.findExecutable(DriverService.java:134)
	at org.openqa.selenium.chrome.ChromeDriverService.access$000(ChromeDriverService.java:35)
	at org.openqa.selenium.chrome.ChromeDriverService$Builder.findDefaultExecutable(ChromeDriverService.java:159)
	at org.openqa.selenium.remote.service.DriverService$Builder.build(DriverService.java:355)
	at org.openqa.selenium.chrome.ChromeDriverService.createDefaultService(ChromeDriverService.java:94)
	at org.openqa.selenium.chrome.ChromeDriver.&lt;init&gt;(ChromeDriver.java:123)
	at Tools.ChromeBrowser.GetBrowser(ChromeBrowser.java:24)
	at Tools.AllBrowser.InitWebDriver(AllBrowser.java:41)
	at Tools.AllBrowser.&lt;init&gt;(AllBrowser.java:21)
	at Tools.Application.InitBrowser(Application.java:77)
	at Tools.Application.getBrowser(Application.java:33)
	at Tools.Application.BaseUrlAction(Application.java:81)
	at Tests.ProductsTest.ATestRunner.SetUp(ATestRunner.java:27)
	at java.base/java.util.concurrent.ThreadPoolExecutor.runWorker(ThreadPoolExecutor.java:1128)
	at java.base/java.util.concurrent.ThreadPoolExecutor$Worker.run(ThreadPoolExecutor.java:628)
	at java.base/java.lang.Thread.run(Thread.java:834)
... Removed 16 stack frames</div>
</div>
<p class="totop"><a href="#summary">back to summary</a></p>
<h2 id="m8">Tests.ProductsTest.AddToBasketTest:addProductOfBasketTest</h2>
<div>
<div class="stacktrace">java.lang.IllegalStateException: The path to the driver executable must be set by the webdriver.chrome.driver system property; for more information, see https://github.com/SeleniumHQ/selenium/wiki/ChromeDriver. The latest version can be downloaded from http://chromedriver.storage.googleapis.com/index.html
	at com.google.common.base.Preconditions.checkState(Preconditions.java:847)
	at org.openqa.selenium.remote.service.DriverService.findExecutable(DriverService.java:134)
	at org.openqa.selenium.chrome.ChromeDriverService.access$000(ChromeDriverService.java:35)
	at org.openqa.selenium.chrome.ChromeDriverService$Builder.findDefaultExecutable(ChromeDriverService.java:159)
	at org.openqa.selenium.remote.service.DriverService$Builder.build(DriverService.java:355)
	at org.openqa.selenium.chrome.ChromeDriverService.createDefaultService(ChromeDriverService.java:94)
	at org.openqa.selenium.chrome.ChromeDriver.&lt;init&gt;(ChromeDriver.java:123)
	at Tools.ChromeBrowser.GetBrowser(ChromeBrowser.java:24)
	at Tools.AllBrowser.InitWebDriver(AllBrowser.java:41)
	at Tools.AllBrowser.&lt;init&gt;(AllBrowser.java:21)
	at Tools.Application.InitBrowser(Application.java:77)
	at Tools.Application.getBrowser(Application.java:33)
	at Tools.Application.BaseUrlAction(Application.java:81)
	at Tests.ProductsTest.ATestRunner.SetUp(ATestRunner.java:27)
	at java.base/java.util.concurrent.ThreadPoolExecutor.runWorker(ThreadPoolExecutor.java:1128)
	at java.base/java.util.concurrent.ThreadPoolExecutor$Worker.run(ThreadPoolExecutor.java:628)
	at java.base/java.lang.Thread.run(Thread.java:834)
... Removed 16 stack frames</div>
</div>
<p class="totop"><a href="#summary">back to summary</a></p>
</body></html>
